00:28:53.162 [main] INFO  com.app.utils.Utils - locator: xpath(".//input[@id='_username']")
00:28:54.193 [main] INFO  com.app.utils.Utils - locator: xpath(".//input[@id='_password']")
00:28:54.250 [main] INFO  com.app.utils.Utils - locator: xpath(".//*[@id='btnlogin']")
00:28:58.398 [main] INFO  com.app.utils.Utils - locator: null
00:28:58.402 [main] INFO  com.app.utils.Utils - locator: null
04:26:12.488 [main] INFO  com.app.utils.Utils - locator: xpath(".//input[@id='_username']")
04:26:13.201 [main] INFO  com.app.utils.Utils - locator: xpath(".//input[@id='_password']")
04:26:13.258 [main] INFO  com.app.utils.Utils - locator: xpath(".//*[@id='btnlogin']")
04:26:17.306 [main] INFO  com.app.utils.Utils - locator: null
04:29:38.109 [main] INFO  com.app.utils.Utils - locator: xpath(".//input[@id='_username']")
04:29:38.829 [main] INFO  com.app.utils.Utils - locator: xpath(".//input[@id='_password']")
04:29:38.885 [main] INFO  com.app.utils.Utils - locator: xpath(".//*[@id='btnlogin']")
04:29:42.898 [main] INFO  com.app.utils.Utils - locator: null
04:43:51.696 [main] INFO  com.app.utils.Utils - locator: xpath(".//input[@id='_username']")
04:43:52.422 [main] INFO  com.app.utils.Utils - locator: xpath(".//input[@id='_password']")
04:43:52.481 [main] INFO  com.app.utils.Utils - locator: xpath(".//*[@id='btnlogin']")
04:43:56.121 [main] INFO  com.app.utils.Utils - locator: null
04:43:56.135 [main] INFO  com.app.utils.Utils - locator: null
04:45:10.128 [main] INFO  com.app.utils.Utils - locator: xpath(".//input[@id='_username']")
04:45:10.949 [main] INFO  com.app.utils.Utils - locator: xpath(".//input[@id='_password']")
04:45:11.013 [main] INFO  com.app.utils.Utils - locator: xpath(".//*[@id='btnlogin']")
04:45:15.020 [main] INFO  com.app.utils.Utils - locator: null
04:45:15.035 [main] INFO  com.app.utils.Utils - locator: null
04:45:15.037 [main] INFO  com.app.utils.Utils - locator: null
04:50:31.188 [main] INFO  com.app.utils.Utils - locator: null
05:02:09.529 [main] INFO  com.app.utils.Utils - locator: xpath(".//input[@id='_username']")
05:02:10.256 [main] INFO  com.app.utils.Utils - locator: xpath(".//input[@id='_password']")
05:02:10.321 [main] INFO  com.app.utils.Utils - locator: xpath(".//*[@id='btnlogin']")
05:02:13.737 [main] INFO  com.app.utils.Utils - locator: xpath(".//*[@id='forms']//div[@class='upper admin-button turquoise']")
05:02:14.115 [main] INFO  com.app.utils.Utils - locator: null
05:04:15.171 [main] INFO  com.app.utils.Utils - locator: xpath(".//input[@id='_username']")
05:04:15.894 [main] INFO  com.app.utils.Utils - locator: xpath(".//input[@id='_password']")
05:04:15.958 [main] INFO  com.app.utils.Utils - locator: xpath(".//*[@id='btnlogin']")
05:04:20.511 [main] INFO  com.app.utils.Utils - locator: xpath(".//*[@id='forms']//div[@class='upper admin-button turquoise']")
05:04:20.835 [main] INFO  com.app.utils.Utils - locator: null
05:06:23.492 [main] INFO  com.app.utils.Utils - locator: xpath(".//input[@id='_username']")
05:06:24.305 [main] INFO  com.app.utils.Utils - locator: xpath(".//input[@id='_password']")
05:06:24.370 [main] INFO  com.app.utils.Utils - locator: xpath(".//*[@id='btnlogin']")
05:06:28.164 [main] INFO  com.app.utils.Utils - locator: xpath(".//*[@id='forms']//div[@class='upper admin-button turquoise']")
05:06:28.514 [main] INFO  com.app.utils.Utils - locator: null
05:08:15.099 [main] INFO  com.app.utils.Utils - locator: xpath(".//input[@id='_username']")
05:08:15.828 [main] INFO  com.app.utils.Utils - locator: xpath(".//input[@id='_password']")
05:08:15.883 [main] INFO  com.app.utils.Utils - locator: xpath(".//*[@id='btnlogin']")
05:08:19.913 [main] INFO  com.app.utils.Utils - locator: xpath(".//*[@id='forms']//div[@class='upper admin-button turquoise']")
05:08:20.226 [main] INFO  com.app.utils.Utils - locator: null
05:10:43.611 [main] INFO  com.app.utils.Utils - locator: xpath(".//input[@id='_username']")
05:10:44.325 [main] INFO  com.app.utils.Utils - locator: xpath(".//input[@id='_password']")
05:10:44.387 [main] INFO  com.app.utils.Utils - locator: xpath(".//*[@id='btnlogin']")
05:10:47.997 [main] INFO  com.app.utils.Utils - locator: xpath(".//*[@id='forms']//div[@class='upper admin-button turquoise']")
05:10:48.351 [main] INFO  com.app.utils.Utils - locator: null
05:14:33.985 [main] INFO  com.app.utils.Utils - locator: xpath(".//input[@id='_username']")
05:14:34.694 [main] INFO  com.app.utils.Utils - locator: xpath(".//input[@id='_password']")
05:14:34.752 [main] INFO  com.app.utils.Utils - locator: xpath(".//*[@id='btnlogin']")
05:14:39.341 [main] INFO  com.app.utils.Utils - locator: xpath(".//*[@id='forms']//div[@class='upper admin-button turquoise']")
05:14:39.671 [main] INFO  com.app.utils.Utils - locator: null
05:16:30.561 [main] INFO  com.app.utils.Utils - locator: xpath(".//input[@id='_username']")
05:16:31.280 [main] INFO  com.app.utils.Utils - locator: xpath(".//input[@id='_password']")
05:16:31.347 [main] INFO  com.app.utils.Utils - locator: xpath(".//*[@id='btnlogin']")
05:16:35.267 [main] INFO  com.app.utils.Utils - locator: xpath(".//*[@id='forms']//div[@class='upper admin-button turquoise']")
05:16:35.589 [main] INFO  com.app.utils.Utils - locator: null
05:20:13.321 [main] INFO  com.app.utils.Utils - locator: xpath(".//input[@id='_username']")
05:20:14.134 [main] INFO  com.app.utils.Utils - locator: xpath(".//input[@id='_password']")
05:20:14.198 [main] INFO  com.app.utils.Utils - locator: xpath(".//*[@id='btnlogin']")
05:20:18.746 [main] INFO  com.app.utils.Utils - locator: null
05:20:58.905 [main] INFO  com.app.utils.Utils - locator: xpath(".//input[@id='_username']")
05:21:00.147 [main] INFO  com.app.utils.Utils - locator: xpath(".//input[@id='_password']")
05:21:00.209 [main] INFO  com.app.utils.Utils - locator: xpath(".//*[@id='btnlogin']")
11:36:41.044 [main] INFO  com.app.utils.Utils - locator: null
11:50:12.712 [main] INFO  com.app.utils.Utils - locator: xpath(".//input[@id='_username']")
11:50:13.432 [main] INFO  com.app.utils.Utils - locator: xpath(".//input[@id='_password']")
11:50:13.497 [main] INFO  com.app.utils.Utils - locator: xpath(".//*[@id='btnlogin']")
11:55:53.231 [main] INFO  com.app.utils.Utils - locator: xpath(".//input[@id='_username']")
11:55:53.951 [main] INFO  com.app.utils.Utils - locator: xpath(".//input[@id='_password']")
11:55:54.004 [main] INFO  com.app.utils.Utils - locator: xpath(".//*[@id='btnlogin']")
11:55:57.649 [main] INFO  com.app.utils.Utils - locator: null
14:55:38.914 [main] INFO  com.app.utils.Utils - locator: xpath(".//input[@id='_username']")
14:55:39.637 [main] INFO  com.app.utils.Utils - locator: xpath(".//input[@id='_password']")
14:55:39.698 [main] INFO  com.app.utils.Utils - locator: xpath(".//*[@id='btnlogin']")
14:55:44.668 [main] INFO  com.app.utils.Utils - locator: null
14:58:28.977 [main] INFO  com.app.utils.Utils - locator: xpath(".//input[@id='_username']")
14:58:29.704 [main] INFO  com.app.utils.Utils - locator: xpath(".//input[@id='_password']")
14:58:29.764 [main] INFO  com.app.utils.Utils - locator: xpath(".//*[@id='btnlogin']")
14:58:35.891 [main] INFO  com.app.utils.Utils - locator: null
15:36:32.997 [main] INFO  com.app.utils.Utils - locator: xpath(".//input[@id='_username']")
15:36:33.828 [main] INFO  com.app.utils.Utils - locator: xpath(".//input[@id='_password']")
15:36:33.883 [main] INFO  com.app.utils.Utils - locator: xpath(".//*[@id='btnlogin']")
15:36:41.216 [main] INFO  com.app.utils.Utils - locator: null
15:39:06.950 [main] INFO  com.app.utils.Utils - locator: xpath(".//input[@id='_username']")
15:39:08.049 [main] INFO  com.app.utils.Utils - locator: xpath(".//input[@id='_password']")
15:39:08.124 [main] INFO  com.app.utils.Utils - locator: xpath(".//*[@id='btnlogin']")
15:39:15.765 [main] INFO  com.app.utils.Utils - locator: xpath("//*[@id='header']/div[1]/ul/li[2]/a/div")
15:39:16.050 [main] INFO  com.app.utils.Utils - locator: xpath("//a[@id='menu-logout']")
15:39:16.241 [main] INFO  com.app.utils.Utils - locator: null
15:41:00.640 [main] INFO  com.app.utils.Utils - locator: xpath(".//input[@id='_username']")
15:41:01.374 [main] INFO  com.app.utils.Utils - locator: xpath(".//input[@id='_password']")
15:41:01.440 [main] INFO  com.app.utils.Utils - locator: xpath(".//*[@id='btnlogin']")
15:41:08.580 [main] INFO  com.app.utils.Utils - locator: xpath("//*[@id='header']/div[1]/ul/li[2]/a/div")
15:41:09.074 [main] INFO  com.app.utils.Utils - locator: xpath("//a[@id='menu-logout']")
15:41:09.237 [main] INFO  com.app.utils.Utils - locator: null
15:44:58.043 [main] INFO  com.app.utils.Utils - locator: xpath(".//input[@id='_username']")
15:44:59.786 [main] INFO  com.app.utils.Utils - locator: xpath(".//input[@id='_password']")
15:44:59.897 [main] INFO  com.app.utils.Utils - locator: xpath(".//*[@id='btnlogin']")
15:45:08.512 [main] INFO  com.app.utils.Utils - locator: xpath("//*[@id='header']/div[1]/ul/li[2]/a/div")
15:45:08.798 [main] INFO  com.app.utils.Utils - locator: xpath("//a[@id='menu-logout']")
15:45:11.858 [main] INFO  com.app.utils.Utils - locator: null
15:47:30.837 [main] INFO  com.app.utils.Utils - locator: xpath(".//input[@id='_username']")
15:47:31.687 [main] INFO  com.app.utils.Utils - locator: xpath(".//input[@id='_password']")
15:47:31.760 [main] INFO  com.app.utils.Utils - locator: xpath(".//*[@id='btnlogin']")
15:47:39.587 [main] INFO  com.app.utils.Utils - locator: xpath("//*[@id='header']/div[1]/ul/li[2]/a/div")
15:47:39.887 [main] INFO  com.app.utils.Utils - locator: xpath("//a[@id='menu-logout']")
15:47:40.076 [main] INFO  com.app.utils.Utils - locator: null
15:53:08.439 [main] INFO  com.app.utils.Utils - locator: xpath(".//input[@id='_username']")
15:53:09.276 [main] INFO  com.app.utils.Utils - locator: xpath(".//input[@id='_password']")
15:53:09.342 [main] INFO  com.app.utils.Utils - locator: xpath(".//*[@id='btnlogin']")
15:53:16.222 [main] INFO  com.app.utils.Utils - locator: xpath("//*[@id='header']/div[1]/ul/li[2]/a/div")
15:53:16.511 [main] INFO  com.app.utils.Utils - locator: xpath("//a[@id='menu-logout']")
15:53:16.701 [main] INFO  com.app.utils.Utils - locator: null
15:57:04.943 [main] INFO  com.app.utils.Utils - locator: xpath(".//input[@id='_username']")
15:57:06.523 [main] INFO  com.app.utils.Utils - locator: xpath(".//input[@id='_password']")
15:57:06.586 [main] INFO  com.app.utils.Utils - locator: xpath(".//*[@id='btnlogin']")
15:58:43.070 [main] DEBUG com.app.pages.Header - Header{driver=FirefoxDriver: firefox on MAC (d2edf829-e50b-124e-bf96-e932e5283c5b), logoHome=Proxy element for: org.openqa.selenium.support.pagefactory.DefaultElementLocator@423e4cbb, userProfileMenu=Proxy element for: org.openqa.selenium.support.pagefactory.DefaultElementLocator@6256ac4f, sighOutButton=Proxy element for: org.openqa.selenium.support.pagefactory.DefaultElementLocator@235f4c10, logoHomeLocator='xpath("//*[@id='logo']/img")', userProfileMenuLocator='xpath("//*[@id='header']/div[1]/ul/li[2]/a/div")', sighOutButtonLocator='xpath("//a[@id='menu-logout']")'}
15:58:43.070 [main] INFO  com.app.utils.Utils - locator: xpath("//*[@id='header']/div[1]/ul/li[2]/a/div")
15:58:43.146 [main] INFO  com.app.utils.Utils - locator: xpath("//a[@id='menu-logout']")
15:59:22.695 [main] INFO  com.app.utils.Utils - locator: xpath(".//input[@id='_username']")
15:59:23.517 [main] INFO  com.app.utils.Utils - locator: xpath(".//input[@id='_password']")
15:59:23.572 [main] INFO  com.app.utils.Utils - locator: xpath(".//*[@id='btnlogin']")
16:01:06.714 [main] INFO  com.app.utils.Utils - locator: xpath(".//input[@id='_username']")
16:01:07.648 [main] INFO  com.app.utils.Utils - locator: xpath(".//input[@id='_password']")
16:01:07.695 [main] INFO  com.app.utils.Utils - locator: xpath(".//*[@id='btnlogin']")
16:03:09.466 [main] DEBUG com.app.pages.Header - Header{driver=FirefoxDriver: firefox on MAC (60f6fa81-3fcd-5d4d-ac26-43be43220e11), logoHome=Proxy element for: org.openqa.selenium.support.pagefactory.DefaultElementLocator@6e16b8b5, userProfileMenu=Proxy element for: org.openqa.selenium.support.pagefactory.DefaultElementLocator@44c79f32, sighOutButton=Proxy element for: org.openqa.selenium.support.pagefactory.DefaultElementLocator@743cb8e0, logoHomeLocator='xpath("//*[@id='logo']/img")', userProfileMenuLocator='xpath("//*[@id='header']/div[1]/ul/li[2]/a/div")', sighOutButtonLocator='xpath("//a[@id='menu-logout']")'}
16:03:09.466 [main] INFO  com.app.utils.Utils - locator: xpath("//*[@id='header']/div[1]/ul/li[2]/a/div")
16:03:19.674 [main] INFO  com.app.utils.Utils - locator: xpath("//a[@id='menu-logout']")
16:07:17.352 [main] INFO  com.app.utils.Utils - locator: xpath(".//input[@id='_username']")
16:07:18.268 [main] INFO  com.app.utils.Utils - locator: xpath(".//input[@id='_password']")
16:07:18.326 [main] INFO  com.app.utils.Utils - locator: xpath(".//*[@id='btnlogin']")
16:09:10.850 [main] INFO  com.app.utils.Utils - locator: xpath(".//input[@id='_username']")
16:09:11.682 [main] INFO  com.app.utils.Utils - locator: xpath(".//input[@id='_password']")
16:09:11.741 [main] INFO  com.app.utils.Utils - locator: xpath(".//*[@id='btnlogin']")
16:09:16.505 [main] INFO  com.app.utils.Utils - locator: xpath(".//*[@id='forms']//div[@class='upper admin-button turquoise']")
16:12:49.093 [main] INFO  com.app.utils.Utils - locator: xpath(".//input[@id='_username']")
16:12:49.908 [main] INFO  com.app.utils.Utils - locator: xpath(".//input[@id='_password']")
16:12:49.965 [main] INFO  com.app.utils.Utils - locator: xpath(".//*[@id='btnlogin']")
16:12:54.494 [main] INFO  com.app.utils.Utils - locator: xpath(".//*[@id='forms']//div[@class='upper admin-button turquoise']")
16:14:50.259 [main] INFO  com.app.utils.Utils - locator: xpath(".//input[@id='_username']")
16:14:51.279 [main] INFO  com.app.utils.Utils - locator: xpath(".//input[@id='_password']")
16:14:51.340 [main] INFO  com.app.utils.Utils - locator: xpath(".//*[@id='btnlogin']")
16:14:55.903 [main] INFO  com.app.utils.Utils - locator: xpath(".//*[@id='forms']//div[@class='upper admin-button turquoise']")
16:17:35.239 [main] INFO  com.app.utils.Utils - locator: xpath(".//input[@id='_username']")
16:17:36.263 [main] INFO  com.app.utils.Utils - locator: xpath(".//input[@id='_password']")
16:17:36.323 [main] INFO  com.app.utils.Utils - locator: xpath(".//*[@id='btnlogin']")
16:17:40.398 [main] INFO  com.app.utils.Utils - locator: xpath(".//*[@id='forms']//div[@class='upper admin-button turquoise']")
16:17:40.705 [main] INFO  com.app.utils.Utils - locator: null
16:19:20.066 [main] INFO  com.app.utils.Utils - locator: xpath(".//input[@id='_username']")
16:19:20.997 [main] INFO  com.app.utils.Utils - locator: xpath(".//input[@id='_password']")
16:19:21.054 [main] INFO  com.app.utils.Utils - locator: xpath(".//*[@id='btnlogin']")
16:19:25.076 [main] INFO  com.app.utils.Utils - locator: xpath(".//*[@id='forms']//div[@class='upper admin-button turquoise']")
16:19:25.396 [main] INFO  com.app.utils.Utils - locator: null
16:23:44.542 [main] INFO  com.app.utils.Utils - locator: xpath(".//input[@id='_username']")
16:23:45.469 [main] INFO  com.app.utils.Utils - locator: xpath(".//input[@id='_password']")
16:23:45.537 [main] INFO  com.app.utils.Utils - locator: xpath(".//*[@id='btnlogin']")
16:23:50.846 [main] INFO  com.app.utils.Utils - locator: xpath(".//*[@id='forms']//div[@class='upper admin-button turquoise']")
16:23:51.171 [main] INFO  com.app.utils.Utils - locator: null
16:25:47.820 [main] INFO  com.app.utils.Utils - locator: xpath(".//input[@id='_username']")
16:25:48.744 [main] INFO  com.app.utils.Utils - locator: xpath(".//input[@id='_password']")
16:25:48.802 [main] INFO  com.app.utils.Utils - locator: xpath(".//*[@id='btnlogin']")
16:25:52.669 [main] INFO  com.app.utils.Utils - locator: xpath(".//*[@id='forms']//div[@class='upper admin-button turquoise']")
16:25:53.018 [main] INFO  com.app.utils.Utils - locator: null
16:28:32.630 [main] INFO  com.app.utils.Utils - locator: xpath(".//input[@id='_username']")
16:28:33.550 [main] INFO  com.app.utils.Utils - locator: xpath(".//input[@id='_password']")
16:28:33.611 [main] INFO  com.app.utils.Utils - locator: xpath(".//*[@id='btnlogin']")
16:28:37.940 [main] INFO  com.app.utils.Utils - locator: xpath(".//*[@id='forms']//div[@class='upper admin-button turquoise']")
16:28:38.250 [main] INFO  com.app.utils.Utils - locator: null
16:34:58.195 [main] INFO  com.app.utils.Utils - locator: xpath(".//input[@id='_username']")
16:35:00.430 [main] INFO  com.app.utils.Utils - locator: xpath(".//input[@id='_password']")
16:35:00.496 [main] INFO  com.app.utils.Utils - locator: xpath(".//*[@id='btnlogin']")
16:35:05.583 [main] INFO  com.app.utils.Utils - locator: xpath(".//*[@id='forms']//div[@class='upper admin-button turquoise']")
16:35:06.524 [main] INFO  com.app.utils.Utils - locator: xpath(".//*[@id='quickyform_name']")
16:35:06.711 [main] INFO  com.app.utils.Utils - locator: xpath("//*[@id='s2id_quickyform_language']/a/div/b")
16:35:07.048 [main] INFO  com.app.utils.Utils - locator: xpath(".//*[@id='s2id_quickyform_category']/a/div/b")
16:35:07.245 [main] INFO  com.app.utils.Utils - locator: xpath(".//*[@id='add-form']/form/div[4]/input")
16:35:07.482 [main] INFO  com.app.utils.Utils - locator: null
16:36:57.869 [main] INFO  com.app.utils.Utils - locator: xpath(".//input[@id='_username']")
16:36:58.793 [main] INFO  com.app.utils.Utils - locator: xpath(".//input[@id='_password']")
16:36:58.851 [main] INFO  com.app.utils.Utils - locator: xpath(".//*[@id='btnlogin']")
16:37:02.823 [main] INFO  com.app.utils.Utils - locator: xpath(".//*[@id='forms']//div[@class='upper admin-button turquoise']")
16:37:03.163 [main] INFO  com.app.utils.Utils - locator: xpath(".//*[@id='quickyform_name']")
16:37:03.385 [main] INFO  com.app.utils.Utils - locator: xpath("//*[@id='s2id_quickyform_language']/a/div/b")
16:37:03.771 [main] INFO  com.app.utils.Utils - locator: xpath(".//*[@id='s2id_quickyform_category']/a/div/b")
16:37:04.019 [main] INFO  com.app.utils.Utils - locator: xpath(".//*[@id='add-form']/form/div[4]/input")
16:37:04.284 [main] INFO  com.app.utils.Utils - locator: xpath(".//*[@id='current-form']")
16:38:19.176 [main] INFO  com.app.utils.Utils - locator: xpath(".//input[@id='_username']")
16:38:20.093 [main] INFO  com.app.utils.Utils - locator: xpath(".//input[@id='_password']")
16:38:20.153 [main] INFO  com.app.utils.Utils - locator: xpath(".//*[@id='btnlogin']")
16:38:24.143 [main] INFO  com.app.utils.Utils - locator: xpath(".//*[@id='forms']//div[@class='upper admin-button turquoise']")
16:38:24.471 [main] INFO  com.app.utils.Utils - locator: xpath(".//*[@id='quickyform_name']")
16:38:24.669 [main] INFO  com.app.utils.Utils - locator: xpath("//*[@id='s2id_quickyform_language']/a/div/b")
16:38:25.020 [main] INFO  com.app.utils.Utils - locator: xpath(".//*[@id='s2id_quickyform_category']/a/div/b")
16:38:25.280 [main] INFO  com.app.utils.Utils - locator: xpath(".//*[@id='add-form']/form/div[4]/input")
16:38:25.587 [main] INFO  com.app.utils.Utils - locator: xpath(".//*[@id='current-form']")
16:41:23.580 [main] INFO  com.app.utils.Utils - locator: xpath(".//input[@id='_username']")
16:41:24.608 [main] INFO  com.app.utils.Utils - locator: xpath(".//input[@id='_password']")
16:41:24.667 [main] INFO  com.app.utils.Utils - locator: xpath(".//*[@id='btnlogin']")
16:41:28.303 [main] INFO  com.app.utils.Utils - locator: null
16:43:28.950 [main] INFO  com.app.utils.Utils - locator: xpath(".//input[@id='_username']")
16:43:30.030 [main] INFO  com.app.utils.Utils - locator: xpath(".//input[@id='_password']")
16:43:30.308 [main] INFO  com.app.utils.Utils - locator: xpath(".//*[@id='btnlogin']")
16:43:36.852 [main] INFO  com.app.utils.Utils - locator: null
16:44:20.345 [main] INFO  com.app.utils.Utils - locator: xpath(".//input[@id='_username']")
16:44:21.571 [main] INFO  com.app.utils.Utils - locator: xpath(".//input[@id='_password']")
16:44:21.871 [main] INFO  com.app.utils.Utils - locator: xpath(".//*[@id='btnlogin']")
16:44:28.200 [main] INFO  com.app.utils.Utils - locator: xpath("//ul[@id='forms']/li[contains(@class,'quickyform item active')]")
16:44:28.444 [main] INFO  com.app.utils.Utils - locator: xpath(".//*[@id='forms']//div[@class='upper admin-button turquoise']")
16:44:29.013 [main] INFO  com.app.utils.Utils - locator: xpath(".//*[@id='quickyform_name']")
16:44:29.746 [main] INFO  com.app.utils.Utils - locator: xpath("//*[@id='s2id_quickyform_language']/a/div/b")
16:44:30.511 [main] INFO  com.app.utils.Utils - locator: xpath(".//*[@id='s2id_quickyform_category']/a/div/b")
16:44:31.186 [main] INFO  com.app.utils.Utils - locator: xpath(".//*[@id='add-form']/form/div[4]/input")
16:44:32.207 [main] INFO  com.app.utils.Utils - locator: xpath("//ul[@id='forms']/li[contains(@class,'quickyform item active')]")
16:46:10.730 [main] INFO  com.app.utils.Utils - locator: xpath(".//input[@id='_username']")
16:46:11.827 [main] INFO  com.app.utils.Utils - locator: xpath(".//input[@id='_password']")
16:46:12.081 [main] INFO  com.app.utils.Utils - locator: xpath(".//*[@id='btnlogin']")
16:46:18.144 [main] INFO  com.app.utils.Utils - locator: xpath("//ul[@id='forms']/li[contains(@class,'quickyform item active')]")
16:46:18.341 [main] INFO  com.app.utils.Utils - locator: xpath(".//*[@id='forms']//div[@class='upper admin-button turquoise']")
16:46:18.958 [main] INFO  com.app.utils.Utils - locator: xpath(".//*[@id='quickyform_name']")
16:46:19.484 [main] INFO  com.app.utils.Utils - locator: xpath("//*[@id='s2id_quickyform_language']/a/div/b")
16:46:20.546 [main] INFO  com.app.utils.Utils - locator: xpath(".//*[@id='s2id_quickyform_category']/a/div/b")
16:46:21.225 [main] INFO  com.app.utils.Utils - locator: xpath(".//*[@id='add-form']/form/div[4]/input")
16:46:22.234 [main] INFO  com.app.utils.Utils - locator: xpath("//ul[@id='forms']/li[contains(@class,'quickyform item active')]")
16:50:55.945 [main] INFO  com.app.utils.Utils - locator: xpath(".//input[@id='_username']")
16:50:57.276 [main] INFO  com.app.utils.Utils - locator: xpath(".//input[@id='_password']")
16:50:57.339 [main] INFO  com.app.utils.Utils - locator: xpath(".//*[@id='btnlogin']")
16:51:01.897 [main] INFO  com.app.utils.Utils - locator: xpath("//ul[@id='forms']/li[contains(@class,'quickyform item active')]")
16:51:02.118 [main] INFO  com.app.utils.Utils - locator: xpath(".//*[@id='forms']//div[@class='upper admin-button turquoise']")
16:51:02.225 [main] INFO  com.app.utils.Utils - locator: xpath(".//*[@id='quickyform_name']")
16:51:02.513 [main] INFO  com.app.utils.Utils - locator: xpath("//*[@id='s2id_quickyform_language']/a/div/b")
16:51:02.972 [main] INFO  com.app.utils.Utils - locator: xpath(".//*[@id='s2id_quickyform_category']/a/div/b")
16:51:03.252 [main] INFO  com.app.utils.Utils - locator: xpath(".//*[@id='add-form']/form/div[4]/input")
16:51:03.564 [main] INFO  com.app.utils.Utils - locator: xpath("//*[@id='logo']/img")
16:51:08.372 [main] INFO  com.app.utils.Utils - locator: xpath("//ul[@id='forms']/li[contains(@class,'quickyform item active')]")
18:22:23.849 [main] INFO  com.app.utils.Utils - locator: xpath(".//input[@id='_username']")
18:22:24.769 [main] INFO  com.app.utils.Utils - locator: xpath(".//input[@id='_password']")
18:22:24.819 [main] INFO  com.app.utils.Utils - locator: xpath(".//*[@id='btnlogin']")
18:22:29.226 [main] INFO  com.app.utils.Utils - locator: xpath(".//*[@id='forms']//div[@class='upper admin-button turquoise']")
18:22:29.557 [main] INFO  com.app.utils.Utils - locator: xpath(".//*[@id='quickyform_name']")
18:22:29.881 [main] INFO  com.app.utils.Utils - locator: xpath("//*[@id='s2id_quickyform_language']/a/div/b")
18:22:30.361 [main] INFO  com.app.utils.Utils - locator: xpath(".//*[@id='s2id_quickyform_category']/a/div/b")
18:22:30.537 [main] INFO  com.app.utils.Utils - locator: xpath(".//*[@id='add-form']/form/div[4]/input")
18:22:30.804 [main] INFO  com.app.utils.Utils - locator: xpath(".//*[@id='current-form']")
18:22:38.537 [main] INFO  com.app.utils.Utils - locator: xpath("//ul[@id='forms']/li[contains(@class,'quickyform item active')]")
18:23:08.551 [main] INFO  com.app.utils.Utils - locator: xpath(".//*[@id='forms']//div[@class='upper admin-button turquoise']")
18:31:21.719 [main] INFO  com.app.utils.Utils - locator: xpath(".//input[@id='_username']")
18:31:22.952 [main] INFO  com.app.utils.Utils - locator: xpath(".//input[@id='_password']")
18:31:23.014 [main] INFO  com.app.utils.Utils - locator: xpath(".//*[@id='btnlogin']")
18:31:27.251 [main] INFO  com.app.utils.Utils - locator: xpath(".//*[@id='forms']//div[@class='upper admin-button turquoise']")
18:31:27.552 [main] INFO  com.app.utils.Utils - locator: xpath(".//*[@id='quickyform_name']")
18:31:27.738 [main] INFO  com.app.utils.Utils - locator: xpath("//*[@id='s2id_quickyform_language']/a/div/b")
18:31:28.155 [main] INFO  com.app.utils.Utils - locator: xpath(".//*[@id='s2id_quickyform_category']/a/div/b")
18:31:28.351 [main] INFO  com.app.utils.Utils - locator: xpath(".//*[@id='add-form']/form/div[4]/input")
18:31:28.584 [main] INFO  com.app.utils.Utils - locator: xpath(".//*[@id='current-form']")
19:43:00.574 [main] INFO  com.app.utils.Utils - locator: xpath(".//input[@id='_username']")
19:43:01.603 [main] INFO  com.app.utils.Utils - locator: xpath(".//input[@id='_password']")
19:43:01.661 [main] INFO  com.app.utils.Utils - locator: xpath(".//*[@id='btnlogin']")
19:43:07.426 [main] INFO  com.app.utils.Utils - locator: xpath(".//*[@id='forms']//div[@class='upper admin-button turquoise']")
19:43:07.740 [main] INFO  com.app.utils.Utils - locator: xpath(".//*[@id='quickyform_name']")
19:43:08.035 [main] INFO  com.app.utils.Utils - locator: xpath("//*[@id='s2id_quickyform_language']/a/div/b")
19:43:08.374 [main] INFO  com.app.utils.Utils - locator: xpath(".//*[@id='s2id_quickyform_category']/a/div/b")
19:43:08.618 [main] INFO  com.app.utils.Utils - locator: xpath(".//*[@id='add-form']/form/div[4]/input")
19:43:08.824 [main] INFO  com.app.utils.Utils - locator: xpath(".//*[@id='current-form']")
19:43:49.977 [main] INFO  com.app.utils.Utils - locator: xpath(".//input[@id='_username']")
19:43:51.003 [main] INFO  com.app.utils.Utils - locator: xpath(".//input[@id='_password']")
19:43:51.062 [main] INFO  com.app.utils.Utils - locator: xpath(".//*[@id='btnlogin']")
19:43:54.957 [main] INFO  com.app.utils.Utils - locator: xpath(".//*[@id='forms']//div[@class='upper admin-button turquoise']")
19:43:55.490 [main] INFO  com.app.utils.Utils - locator: xpath(".//*[@id='quickyform_name']")
19:43:55.825 [main] INFO  com.app.utils.Utils - locator: xpath("//*[@id='s2id_quickyform_language']/a/div/b")
19:43:56.325 [main] INFO  com.app.utils.Utils - locator: xpath(".//*[@id='s2id_quickyform_category']/a/div/b")
19:43:56.491 [main] INFO  com.app.utils.Utils - locator: xpath(".//*[@id='add-form']/form/div[4]/input")
19:43:56.712 [main] INFO  com.app.utils.Utils - locator: xpath(".//*[@id='current-form']")
19:44:04.713 [main] INFO  com.app.utils.Utils - locator: xpath(".//input[@id='_username']")
19:56:10.734 [main] INFO  com.app.utils.Utils - locator: xpath(".//input[@id='_username']")
19:57:17.829 [main] INFO  com.app.utils.Utils - locator: xpath(".//input[@id='_username']")
19:57:18.761 [main] INFO  com.app.utils.Utils - locator: xpath(".//input[@id='_password']")
19:57:18.819 [main] INFO  com.app.utils.Utils - locator: xpath(".//*[@id='btnlogin']")
19:57:22.744 [main] INFO  com.app.utils.Utils - locator: xpath(".//*[@id='forms']//div[@class='upper admin-button turquoise']")
19:57:23.066 [main] INFO  com.app.utils.Utils - locator: xpath(".//*[@id='quickyform_name']")
19:57:23.373 [main] INFO  com.app.utils.Utils - locator: xpath("//*[@id='s2id_quickyform_language']/a/div/b")
19:57:23.714 [main] INFO  com.app.utils.Utils - locator: xpath(".//*[@id='s2id_quickyform_category']/a/div/b")
19:57:23.960 [main] INFO  com.app.utils.Utils - locator: xpath(".//*[@id='add-form']/form/div[4]/input")
19:57:24.195 [main] INFO  com.app.utils.Utils - locator: xpath(".//*[@id='current-form']")
19:58:11.782 [main] INFO  com.app.utils.Utils - locator: xpath(".//input[@id='_username']")
19:58:12.807 [main] INFO  com.app.utils.Utils - locator: xpath(".//input[@id='_password']")
19:58:12.863 [main] INFO  com.app.utils.Utils - locator: xpath(".//*[@id='btnlogin']")
19:58:17.280 [main] INFO  com.app.utils.Utils - locator: xpath(".//*[@id='forms']//div[@class='upper admin-button turquoise']")
19:58:17.602 [main] INFO  com.app.utils.Utils - locator: xpath(".//*[@id='quickyform_name']")
19:58:17.893 [main] INFO  com.app.utils.Utils - locator: xpath("//*[@id='s2id_quickyform_language']/a/div/b")
19:58:18.233 [main] INFO  com.app.utils.Utils - locator: xpath(".//*[@id='s2id_quickyform_category']/a/div/b")
19:58:18.408 [main] INFO  com.app.utils.Utils - locator: xpath(".//*[@id='add-form']/form/div[4]/input")
19:58:18.730 [main] INFO  com.app.utils.Utils - locator: xpath(".//*[@id='current-form']")
19:58:26.911 [main] INFO  com.app.utils.Utils - locator: xpath(".//input[@id='_username']")
20:32:29.377 [main] INFO  com.app.utils.Utils - locator: xpath(".//input[@id='_username']")
20:32:30.604 [main] INFO  com.app.utils.Utils - locator: xpath(".//input[@id='_password']")
20:32:30.662 [main] INFO  com.app.utils.Utils - locator: xpath(".//*[@id='btnlogin']")
20:32:35.152 [main] INFO  com.app.utils.Utils - locator: null
20:34:39.433 [main] INFO  com.app.utils.Utils - locator: xpath(".//input[@id='_username']")
20:34:40.360 [main] INFO  com.app.utils.Utils - locator: xpath(".//input[@id='_password']")
20:34:40.420 [main] INFO  com.app.utils.Utils - locator: xpath(".//*[@id='btnlogin']")
20:34:44.573 [main] INFO  com.app.utils.Utils - locator: null
20:39:00.300 [main] INFO  com.app.utils.Utils - locator: xpath(".//input[@id='_username']")
20:39:01.215 [main] INFO  com.app.utils.Utils - locator: xpath(".//input[@id='_password']")
20:39:01.272 [main] INFO  com.app.utils.Utils - locator: xpath(".//*[@id='btnlogin']")
20:39:06.197 [main] INFO  com.app.utils.Utils - locator: null
21:11:29.313 [main] INFO  com.app.utils.Utils - locator: xpath(".//input[@id='_username']")
21:11:30.245 [main] INFO  com.app.utils.Utils - locator: xpath(".//input[@id='_password']")
21:11:30.301 [main] INFO  com.app.utils.Utils - locator: xpath(".//*[@id='btnlogin']")
21:11:34.281 [main] INFO  com.app.utils.Utils - locator: xpath("//a[contains(@class,'admin-button turquoise add-fields')]")
21:11:38.797 [main] INFO  com.app.utils.Utils - locator: xpath("//*[@id='sidebar']//span[contains(@class,'admin-button green')]")
21:11:38.827 [main] INFO  com.app.utils.Utils - locator: ${TypeFormBuilderPage.dragAndDropSpot}
21:15:02.848 [main] INFO  com.app.utils.Utils - locator: xpath(".//input[@id='_username']")
21:15:03.668 [main] INFO  com.app.utils.Utils - locator: xpath(".//input[@id='_password']")
21:15:03.729 [main] INFO  com.app.utils.Utils - locator: xpath(".//*[@id='btnlogin']")
21:15:07.824 [main] INFO  com.app.utils.Utils - locator: xpath("//a[contains(@class,'admin-button turquoise add-fields')]")
21:15:20.246 [main] INFO  com.app.utils.Utils - locator: xpath("//*[@id='sidebar']//span[contains(@class,'admin-button green')]")
21:15:20.261 [main] INFO  com.app.utils.Utils - locator: xpath(".//*[@id='intro']/li")
21:15:20.463 [main] INFO  com.app.utils.Utils - locator: xpath("//div[@class='module header']//*[text()='Welcome screen']")
